<?xml version="1.0" encoding="UTF-8"?>
<testsuite xmlns:xsi="http://www.w3.org/2001/XMLSchema-instance" xsi:noNamespaceSchemaLocation="https://maven.apache.org/surefire/maven-surefire-plugin/xsd/surefire-test-report-3.0.xsd" version="3.0" name="com.udacity.catpoint.security.service.SecurityServiceTest" time="1.669" tests="18" errors="0" skipped="0" failures="0">
  <properties>
[...]
</properties>
  <testcase name="statusListener" classname="com.udacity.catpoint.security.service.SecurityServiceTest" time="1.191"/>
  <testcase name="changeSensorActivationStatus_armedPendingAndInactiveSensor_returnNoAlarm" classname="com.udacity.catpoint.security.service.SecurityServiceTest" time="0.103"/>
  <testcase name="setArmingStatus_disarmSystem_returnAlarm" classname="com.udacity.catpoint.security.service.SecurityServiceTest" time="0.006"/>
  <testcase name="changeSensorActivationStatus_armedPendingAndActivatedSensor_returnAlarm(ArmingStatus)[1]" classname="com.udacity.catpoint.security.service.SecurityServiceTest" time="0.067"/>
  <testcase name="changeSensorActivationStatus_armedPendingAndActivatedSensor_returnAlarm(ArmingStatus)[2]" classname="com.udacity.catpoint.security.service.SecurityServiceTest" time="0.009"/>
  <testcase name="processImage_noActiveSensorsAndNoCatImage_returnNoAlarm" classname="com.udacity.catpoint.security.service.SecurityServiceTest" time="0.027"/>
  <testcase name="changeSensorActivationStatus_armedAndActivatedSensor_returnPendingAlarm(ArmingStatus)[1]" classname="com.udacity.catpoint.security.service.SecurityServiceTest" time="0.013"/>
  <testcase name="changeSensorActivationStatus_armedAndActivatedSensor_returnPendingAlarm(ArmingStatus)[2]" classname="com.udacity.catpoint.security.service.SecurityServiceTest" time="0.011"/>
  <testcase name="processImage_armedHomeAndCatImage_returnAlarm" classname="com.udacity.catpoint.security.service.SecurityServiceTest" time="0.007"/>
  <testcase name="changeSensorActivationStatus_pendingAndSensorActiveAndActivatedAgain_returnAlarm" classname="com.udacity.catpoint.security.service.SecurityServiceTest" time="0.006"/>
  <testcase name="setArmingStatus_disarmedCatImageThenArmed_returnAlarm(ArmingStatus)[1]" classname="com.udacity.catpoint.security.service.SecurityServiceTest" time="0.011"/>
  <testcase name="setArmingStatus_disarmedCatImageThenArmed_returnAlarm(ArmingStatus)[2]" classname="com.udacity.catpoint.security.service.SecurityServiceTest" time="0.011"/>
  <testcase name="setArmingStatus_armedSystem_deactivateAllSensors(ArmingStatus)[1]" classname="com.udacity.catpoint.security.service.SecurityServiceTest" time="0.019"/>
  <testcase name="setArmingStatus_armedSystem_deactivateAllSensors(ArmingStatus)[2]" classname="com.udacity.catpoint.security.service.SecurityServiceTest" time="0.007"/>
  <testcase name="changeSensorActivationStatus_alarmActiveAndChangeSensorState_returnNoAlarmChange" classname="com.udacity.catpoint.security.service.SecurityServiceTest" time="0.008"/>
  <testcase name="processImage_armedCatDetected_returnAlarm" classname="com.udacity.catpoint.security.service.SecurityServiceTest" time="0.01"/>
  <testcase name="processImage_ActiveSensorsAndNoCatImage_returnAlarm" classname="com.udacity.catpoint.security.service.SecurityServiceTest" time="0.005"/>
  <testcase name="changeSensorActivationStatus_deactivatedSensorGetsDeactivated_returnNoAlarmChanges" classname="com.udacity.catpoint.security.service.SecurityServiceTest" time="0.004"/>
</testsuite>